<?xml version="1.0" encoding="UTF-8"?>
<!-- Generated by org.testng.reporters.JUnitXMLReporter -->
<testsuite ignored="2" hostname="DESKTOP-NI32QNA" failures="0" tests="2" name="Surefire test" time="24.054" errors="0" timestamp="2020-04-27T11:17:20 EEST">
  <testcase classname="Tests.HomePgeTests" name="checkUrl" time="0.045"/>
  <testcase classname="Tests.LoginTests" name="loginFromUserBemefits" time="7.873"/>
  <testcase classname="Tests.BaseTest" name="@AfterSuite closeBrowser" time="0.0">
    <ignored/>
  </testcase> <!-- @AfterSuite closeBrowser -->
  <testcase classname="Tests.BaseTest" name="@AfterSuite closeBrowser" time="0.0">
    <ignored/>
  </testcase> <!-- @AfterSuite closeBrowser -->
</testsuite> <!-- Surefire test -->
