-------------------------------------------------------------------------------
Test set: TestSuite
-------------------------------------------------------------------------------
Tests run: 3, Failures: 1, Errors: 0, Skipped: 0, Time elapsed: 25.404 s <<< FAILURE! - in TestSuite
closeBrowser(Tests.BaseTest)  Time elapsed: 7.99 s  <<< FAILURE!
java.lang.NullPointerException
	at Tests.BaseTest.closeBrowser(BaseTest.java:42)

