<?xml version="1.0" encoding="UTF-8"?>
<testng-results ignored="2" total="4" passed="2" failed="0" skipped="0">
  <reporter-output>
  </reporter-output>
  <suite started-at="2020-04-27T11:16:56 EEST" name="Surefire suite" finished-at="2020-04-27T11:17:20 EEST" duration-ms="24054">
    <groups>
    </groups>
    <test started-at="2020-04-27T11:16:56 EEST" name="Surefire test" finished-at="2020-04-27T11:17:20 EEST" duration-ms="24054">
      <class name="Tests.LoginTests">
        <test-method is-config="true" signature="springTestContextPrepareTestInstance()[pri:0, instance:Tests.LoginTests@2b8bd14b]" started-at="2020-04-27T11:17:10 EEST" name="springTestContextPrepareTestInstance" finished-at="2020-04-27T11:17:10 EEST" depends-on-methods="org.springframework.test.context.testng.AbstractTestNGSpringContextTests.springTestContextBeforeTestClass" duration-ms="2" status="PASS">
          <reporter-output>
          </reporter-output>
        </test-method> <!-- springTestContextPrepareTestInstance -->
        <test-method is-config="true" signature="springTestContextBeforeTestClass()[pri:0, instance:Tests.LoginTests@2b8bd14b]" started-at="2020-04-27T11:17:10 EEST" name="springTestContextBeforeTestClass" finished-at="2020-04-27T11:17:10 EEST" duration-ms="0" status="PASS">
          <reporter-output>
          </reporter-output>
        </test-method> <!-- springTestContextBeforeTestClass -->
        <test-method is-config="true" signature="setUp()[pri:0, instance:Tests.LoginTests@2b8bd14b]" started-at="2020-04-27T11:17:10 EEST" name="setUp" finished-at="2020-04-27T11:17:12 EEST" duration-ms="1532" status="PASS">
          <reporter-output>
          </reporter-output>
        </test-method> <!-- setUp -->
        <test-method is-config="true" signature="springTestContextBeforeTestMethod(java.lang.reflect.Method)[pri:0, instance:Tests.LoginTests@2b8bd14b]" started-at="2020-04-27T11:17:12 EEST" name="springTestContextBeforeTestMethod" finished-at="2020-04-27T11:17:12 EEST" duration-ms="1" status="PASS">
          <params>
            <param index="0">
              <value>
                <![CDATA[public void Tests.LoginTests.loginFromUserBemefits()]]>
              </value>
            </param>
          </params>
          <reporter-output>
          </reporter-output>
        </test-method> <!-- springTestContextBeforeTestMethod -->
        <test-method is-config="true" signature="createTestContext(org.testng.ITestContext)[pri:0, instance:Tests.LoginTests@2b8bd14b]" started-at="2020-04-27T11:17:12 EEST" name="createTestContext" finished-at="2020-04-27T11:17:12 EEST" duration-ms="0" status="PASS">
          <params>
            <param index="0">
              <value>
                <![CDATA[org.testng.TestRunner@614cd187]]>
              </value>
            </param>
          </params>
          <reporter-output>
          </reporter-output>
        </test-method> <!-- createTestContext -->
        <test-method signature="loginFromUserBemefits()[pri:0, instance:Tests.LoginTests@2b8bd14b]" started-at="2020-04-27T11:17:12 EEST" name="loginFromUserBemefits" finished-at="2020-04-27T11:17:20 EEST" duration-ms="7873" status="PASS">
          <reporter-output>
          </reporter-output>
        </test-method> <!-- loginFromUserBemefits -->
        <test-method is-config="true" signature="springTestContextAfterTestMethod(java.lang.reflect.Method)[pri:0, instance:Tests.LoginTests@2b8bd14b]" started-at="2020-04-27T11:17:20 EEST" name="springTestContextAfterTestMethod" finished-at="2020-04-27T11:17:20 EEST" duration-ms="0" status="PASS">
          <params>
            <param index="0">
              <value>
                <![CDATA[public void Tests.LoginTests.loginFromUserBemefits()]]>
              </value>
            </param>
          </params>
          <reporter-output>
          </reporter-output>
        </test-method> <!-- springTestContextAfterTestMethod -->
        <test-method is-config="true" signature="springTestContextAfterTestClass()[pri:0, instance:Tests.LoginTests@2b8bd14b]" started-at="2020-04-27T11:17:20 EEST" name="springTestContextAfterTestClass" finished-at="2020-04-27T11:17:20 EEST" duration-ms="1" status="PASS">
          <reporter-output>
          </reporter-output>
        </test-method> <!-- springTestContextAfterTestClass -->
      </class> <!-- Tests.LoginTests -->
      <class name="Tests.BaseTest">
        <test-method is-config="true" signature="closeBrowser()[pri:0, instance:Tests.BaseTest@771db12c]" started-at="2020-04-27T11:17:20 EEST" name="closeBrowser" finished-at="2020-04-27T11:17:20 EEST" duration-ms="0" status="FAIL">
          <exception class="java.lang.NullPointerException">
            <full-stacktrace>
              <![CDATA[java.lang.NullPointerException
at Tests.BaseTest.closeBrowser(BaseTest.java:42)
at java.base/jdk.internal.reflect.NativeMethodAccessorImpl.invoke0(Native Method)
at java.base/jdk.internal.reflect.NativeMethodAccessorImpl.invoke(NativeMethodAccessorImpl.java:62)
at java.base/jdk.internal.reflect.DelegatingMethodAccessorImpl.invoke(DelegatingMethodAccessorImpl.java:43)
at java.base/java.lang.reflect.Method.invoke(Method.java:567)
at org.testng.internal.MethodInvocationHelper.invokeMethod(MethodInvocationHelper.java:134)
at org.testng.internal.MethodInvocationHelper.invokeMethodConsideringTimeout(MethodInvocationHelper.java:63)
at org.testng.internal.ConfigInvoker.invokeConfigurationMethod(ConfigInvoker.java:348)
at org.testng.internal.ConfigInvoker.invokeConfigurations(ConfigInvoker.java:302)
at org.testng.SuiteRunner.privateRun(SuiteRunner.java:351)
at org.testng.SuiteRunner.run(SuiteRunner.java:286)
at org.testng.SuiteRunnerWorker.runSuite(SuiteRunnerWorker.java:53)
at org.testng.SuiteRunnerWorker.run(SuiteRunnerWorker.java:96)
at org.testng.TestNG.runSuitesSequentially(TestNG.java:1187)
at org.testng.TestNG.runSuitesLocally(TestNG.java:1109)
at org.testng.TestNG.runSuites(TestNG.java:1039)
at org.testng.TestNG.run(TestNG.java:1007)
at org.apache.maven.surefire.testng.TestNGExecutor.run(TestNGExecutor.java:135)
at org.apache.maven.surefire.testng.TestNGDirectoryTestSuite.executeMulti(TestNGDirectoryTestSuite.java:193)
at org.apache.maven.surefire.testng.TestNGDirectoryTestSuite.execute(TestNGDirectoryTestSuite.java:94)
at org.apache.maven.surefire.testng.TestNGProvider.invoke(TestNGProvider.java:146)
at org.apache.maven.surefire.booter.ForkedBooter.invokeProviderInSameClassLoader(ForkedBooter.java:386)
at org.apache.maven.surefire.booter.ForkedBooter.runSuitesInProcess(ForkedBooter.java:323)
at org.apache.maven.surefire.booter.ForkedBooter.main(ForkedBooter.java:143)
]]>
            </full-stacktrace>
          </exception> <!-- java.lang.NullPointerException -->
          <reporter-output>
          </reporter-output>
        </test-method> <!-- closeBrowser -->
      </class> <!-- Tests.BaseTest -->
      <class name="Tests.HomePgeTests">
        <test-method is-config="true" signature="springTestContextBeforeTestClass()[pri:0, instance:Tests.HomePgeTests@51dbd6e4]" started-at="2020-04-27T11:16:56 EEST" name="springTestContextBeforeTestClass" finished-at="2020-04-27T11:16:56 EEST" duration-ms="22" status="PASS">
          <reporter-output>
          </reporter-output>
        </test-method> <!-- springTestContextBeforeTestClass -->
        <test-method is-config="true" signature="springTestContextPrepareTestInstance()[pri:0, instance:Tests.HomePgeTests@51dbd6e4]" started-at="2020-04-27T11:16:56 EEST" name="springTestContextPrepareTestInstance" finished-at="2020-04-27T11:17:00 EEST" depends-on-methods="org.springframework.test.context.testng.AbstractTestNGSpringContextTests.springTestContextBeforeTestClass" duration-ms="4295" status="PASS">
          <reporter-output>
          </reporter-output>
        </test-method> <!-- springTestContextPrepareTestInstance -->
        <test-method is-config="true" signature="setUp()[pri:0, instance:Tests.HomePgeTests@51dbd6e4]" started-at="2020-04-27T11:17:00 EEST" name="setUp" finished-at="2020-04-27T11:17:10 EEST" duration-ms="10043" status="PASS">
          <reporter-output>
          </reporter-output>
        </test-method> <!-- setUp -->
        <test-method is-config="true" signature="springTestContextBeforeTestMethod(java.lang.reflect.Method)[pri:0, instance:Tests.HomePgeTests@51dbd6e4]" started-at="2020-04-27T11:17:10 EEST" name="springTestContextBeforeTestMethod" finished-at="2020-04-27T11:17:10 EEST" duration-ms="4" status="PASS">
          <params>
            <param index="0">
              <value>
                <![CDATA[public void Tests.HomePgeTests.checkUrl()]]>
              </value>
            </param>
          </params>
          <reporter-output>
          </reporter-output>
        </test-method> <!-- springTestContextBeforeTestMethod -->
        <test-method is-config="true" signature="createTestContext(org.testng.ITestContext)[pri:0, instance:Tests.HomePgeTests@51dbd6e4]" started-at="2020-04-27T11:17:10 EEST" name="createTestContext" finished-at="2020-04-27T11:17:10 EEST" duration-ms="0" status="PASS">
          <params>
            <param index="0">
              <value>
                <![CDATA[org.testng.TestRunner@614cd187]]>
              </value>
            </param>
          </params>
          <reporter-output>
          </reporter-output>
        </test-method> <!-- createTestContext -->
        <test-method signature="checkUrl()[pri:0, instance:Tests.HomePgeTests@51dbd6e4]" started-at="2020-04-27T11:17:10 EEST" name="checkUrl" finished-at="2020-04-27T11:17:10 EEST" duration-ms="45" status="PASS">
          <reporter-output>
          </reporter-output>
        </test-method> <!-- checkUrl -->
        <test-method is-config="true" signature="springTestContextAfterTestMethod(java.lang.reflect.Method)[pri:0, instance:Tests.HomePgeTests@51dbd6e4]" started-at="2020-04-27T11:17:10 EEST" name="springTestContextAfterTestMethod" finished-at="2020-04-27T11:17:10 EEST" duration-ms="2" status="PASS">
          <params>
            <param index="0">
              <value>
                <![CDATA[public void Tests.HomePgeTests.checkUrl()]]>
              </value>
            </param>
          </params>
          <reporter-output>
          </reporter-output>
        </test-method> <!-- springTestContextAfterTestMethod -->
        <test-method is-config="true" signature="springTestContextAfterTestClass()[pri:0, instance:Tests.HomePgeTests@51dbd6e4]" started-at="2020-04-27T11:17:10 EEST" name="springTestContextAfterTestClass" finished-at="2020-04-27T11:17:10 EEST" duration-ms="2" status="PASS">
          <reporter-output>
          </reporter-output>
        </test-method> <!-- springTestContextAfterTestClass -->
      </class> <!-- Tests.HomePgeTests -->
    </test> <!-- Surefire test -->
  </suite> <!-- Surefire suite -->
</testng-results>
