<?xml version="1.0" encoding="UTF-8"?>
<testsuite xmlns:xsi="http://www.w3.org/2001/XMLSchema-instance" xsi:noNamespaceSchemaLocation="https://maven.apache.org/surefire/maven-surefire-plugin/xsd/surefire-test-report.xsd" name="TestSuite" time="25.404" tests="3" errors="0" skipped="0" failures="1">
  <properties>
[...]
</properties>
  <testcase name="checkUrl" classname="Tests.HomePgeTests" time="0.048"/>
  <testcase name="loginFromUserBemefits" classname="Tests.LoginTests" time="7.872"/>
  <testcase name="closeBrowser" classname="Tests.BaseTest" time="7.99">
    <failure type="java.lang.NullPointerException">java.lang.NullPointerException
	at Tests.BaseTest.closeBrowser(BaseTest.java:42)
</failure>
    <system-out><![CDATA[finish
]]></system-out>
  </testcase>
</testsuite>